2025-12-15 16:46:56 INFO Talento_Tech: ---EJECUTANDO TEST API REQUEST---
2025-12-15 16:46:56 INFO Talento_Tech: ---EJECUTANDO TEST CART---
2025-12-15 16:46:56 INFO Talento_Tech: ---EJECUTANDO TEST CART JSON---
2025-12-15 16:46:56 INFO Talento_Tech: ---EJECUTANDO TEST INVENTORY---
2025-12-15 16:46:56 INFO Talento_Tech: ---EJECUTANDO TEST LOGIN---
2025-12-15 16:46:56 INFO Talento_Tech: ---EJECUTANDO TEST LOGIN FAKER---
2025-12-15 16:46:56 INFO Talento_Tech: Obteniendo usuario por solicitud GET
2025-12-15 16:46:57 INFO Talento_Tech: Validando status code 200
2025-12-15 16:46:57 INFO Talento_Tech: Trayendo el usuario en json
2025-12-15 16:46:57 INFO Talento_Tech: Validando id
2025-12-15 16:46:57 INFO Talento_Tech: Creando usuario por solicitud POST
2025-12-15 16:46:58 INFO Talento_Tech: Validando status code 201
2025-12-15 16:46:58 INFO Talento_Tech: Trayendo el usuario en json
2025-12-15 16:46:58 INFO Talento_Tech: Validando id
2025-12-15 16:46:58 INFO Talento_Tech: Borrando usuario por solicitud DELETE
2025-12-15 16:46:59 INFO Talento_Tech: Validando status code 204
2025-12-15 16:46:59 INFO Talento_Tech: Validando tiempo de respuesta menor a 2seg
2025-12-15 16:47:08 INFO Talento_Tech: Agregando productos al carrito
2025-12-15 16:47:09 INFO Talento_Tech: Abriendo el carrito
2025-12-15 16:47:12 INFO Talento_Tech: Validando que se agregaron productos al carrito
2025-12-15 16:47:23 INFO Talento_Tech: Agregando producto: Sauce Labs Backpack al carrito
2025-12-15 16:47:25 INFO Talento_Tech: Abriendo carrito
2025-12-15 16:47:28 INFO Talento_Tech: Validando que se haya agregado el producto Sauce Labs Backpack
2025-12-15 16:47:40 INFO Talento_Tech: Agregando producto: Sauce Labs Bike Light al carrito
2025-12-15 16:47:41 INFO Talento_Tech: Abriendo carrito
2025-12-15 16:47:44 INFO Talento_Tech: Validando que se haya agregado el producto Sauce Labs Bike Light
2025-12-15 16:47:55 INFO Talento_Tech: Agregando producto: Sauce Labs Bolt T-Shirt al carrito
2025-12-15 16:47:56 INFO Talento_Tech: Abriendo carrito
2025-12-15 16:47:59 INFO Talento_Tech: Validando que se haya agregado el producto Sauce Labs Bolt T-Shirt
2025-12-15 16:48:09 INFO Talento_Tech: Verificando existencia de productos
2025-12-15 16:48:09 INFO Talento_Tech: Verificando que el carrito este vacio
2025-12-15 16:48:22 INFO Talento_Tech: Verificando que el contador del carrito cambie al agregar producto
2025-12-15 16:48:31 INFO Talento_Tech: Completando con las credenciales... User: standard_user - Password: secret_sauce
2025-12-15 16:48:31 INFO Talento_Tech: Verificando redireccionamiento dentro de la pagina.
2025-12-15 16:48:31 INFO Talento_Tech: Test de login completado
2025-12-15 16:48:40 INFO Talento_Tech: Completando con las credenciales... User: locked_out_user - Password: secret_sauce
2025-12-15 16:48:40 WARNING Talento_Tech: Las credenciales no son las correctas
2025-12-15 16:48:40 INFO Talento_Tech: Verificando mensaje de error...
2025-12-15 16:48:41 INFO Talento_Tech: Test de login completado
2025-12-15 16:48:50 INFO Talento_Tech: Completando con las credenciales... User: problem_user - Password: secret_sauce
2025-12-15 16:48:50 INFO Talento_Tech: Verificando redireccionamiento dentro de la pagina.
2025-12-15 16:48:50 INFO Talento_Tech: Test de login completado
2025-12-15 16:49:05 INFO Talento_Tech: Completando con las credenciales... User: performance_glitch_user - Password: secret_sauce
2025-12-15 16:49:05 INFO Talento_Tech: Verificando redireccionamiento dentro de la pagina.
2025-12-15 16:49:05 INFO Talento_Tech: Test de login completado
2025-12-15 16:49:15 INFO Talento_Tech: Completando con las credenciales... User: error_user - Password: secret_sauce
2025-12-15 16:49:15 INFO Talento_Tech: Verificando redireccionamiento dentro de la pagina.
2025-12-15 16:49:15 INFO Talento_Tech: Test de login completado
2025-12-15 16:49:25 INFO Talento_Tech: Completando con las credenciales... User: visual_user - Password: secret_sauce
2025-12-15 16:49:25 INFO Talento_Tech: Verificando redireccionamiento dentro de la pagina.
2025-12-15 16:49:25 INFO Talento_Tech: Test de login completado
2025-12-15 16:49:35 INFO Talento_Tech: Completando con las credenciales... User: timothy03 - Password: 9(k%uOcj(N
2025-12-15 16:49:35 WARNING Talento_Tech: Las credenciales no son las correctas
2025-12-15 16:49:35 INFO Talento_Tech: Verificando mensaje de error...
2025-12-15 16:49:45 INFO Talento_Tech: Completando con las credenciales... User: gilbertkenneth - Password: o&b2hvBi4i
2025-12-15 16:49:45 WARNING Talento_Tech: Las credenciales no son las correctas
2025-12-15 16:49:45 INFO Talento_Tech: Verificando mensaje de error...
2025-12-15 16:49:55 INFO Talento_Tech: Completando con las credenciales... User: mccartyjennifer - Password: #7Ag
2025-12-15 16:49:55 WARNING Talento_Tech: Las credenciales no son las correctas
2025-12-15 16:49:55 INFO Talento_Tech: Verificando mensaje de error...
